 GET /api/auth/register 404 20.089 ms PostmanRuntime/7.42.0 Thu, 03 Oct 2024 19:28:32 GMT 
 POST /api/auth/register 201 118.316 ms PostmanRuntime/7.42.0 Thu, 03 Oct 2024 19:29:22 GMT
 POST /api/auth/register 201 131.449 ms PostmanRuntime/7.42.0 Thu, 03 Oct 2024 19:31:45 GMT
 POST /api/auth/register 201 127.372 ms PostmanRuntime/7.42.0 Thu, 03 Oct 2024 19:34:43 GMT
 POST /api/auth/register 201 1298.014 ms PostmanRuntime/7.42.0 Thu, 03 Oct 2024 20:01:19 GMT
 POST /api/auth/register 201 1025.753 ms PostmanRuntime/7.42.0 Thu, 03 Oct 2024 20:01:57 GMT
 POST /api/auth/register 500 58.213 ms PostmanRuntime/7.42.0 Thu, 03 Oct 2024 20:28:25 GMT 
 POST /api/auth/register 500 37.022 ms PostmanRuntime/7.42.0 Thu, 03 Oct 2024 20:28:49 GMT 
 POST /api/auth/register 201 165.977 ms PostmanRuntime/7.42.0 Thu, 03 Oct 2024 20:29:15 GMT
 POST /api/auth/register 201 146.342 ms PostmanRuntime/7.42.0 Thu, 03 Oct 2024 20:46:00 GMT
 POST /api/auth/activate 201 85.038 ms PostmanRuntime/7.42.0 Thu, 03 Oct 2024 20:48:17 GMT
 POST /api/auth/register 201 152.568 ms PostmanRuntime/7.42.0 Thu, 03 Oct 2024 20:50:48 GMT
 POST /api/auth/register 201 1156.243 ms PostmanRuntime/7.42.0 Thu, 03 Oct 2024 20:52:47 GMT
 POST /api/auth/activate 201 80.278 ms PostmanRuntime/7.42.0 Thu, 03 Oct 2024 20:53:27 GMT
 POST /api/auth/register 201 183.791 ms PostmanRuntime/7.42.0 Thu, 03 Oct 2024 20:58:45 GMT
 POST /api/auth/activate 201 85.843 ms PostmanRuntime/7.42.0 Thu, 03 Oct 2024 20:59:14 GMT
 POST /api/auth/register 201 175.578 ms PostmanRuntime/7.42.0 Mon, 07 Oct 2024 14:21:35 GMT
 POST /api/auth/activate 201 96.590 ms PostmanRuntime/7.42.0 Mon, 07 Oct 2024 14:21:57 GMT
 POST /api/auth/register 201 176.626 ms PostmanRuntime/7.42.0 Mon, 07 Oct 2024 14:24:57 GMT
 POST /api/auth/register 201 177.072 ms PostmanRuntime/7.42.0 Mon, 07 Oct 2024 14:28:22 GMT
 POST /api/auth/register 201 172.926 ms PostmanRuntime/7.42.0 Mon, 07 Oct 2024 14:35:45 GMT
 POST /api/auth/login 400 1.350 ms PostmanRuntime/7.42.0 Mon, 07 Oct 2024 14:37:20 GMT 
 POST /api/auth/login 200 160.744 ms PostmanRuntime/7.42.0 Mon, 07 Oct 2024 14:38:23 GMT
 POST /api/auth/login 200 199.455 ms PostmanRuntime/7.42.0 Mon, 07 Oct 2024 19:25:20 GMT
 POST /api/auth/register 201 183.686 ms PostmanRuntime/7.42.0 Mon, 07 Oct 2024 19:33:34 GMT
 POST /api/auth/activate 201 82.357 ms PostmanRuntime/7.42.0 Mon, 07 Oct 2024 19:33:52 GMT
 POST /api/auth/login 200 139.513 ms PostmanRuntime/7.42.0 Mon, 07 Oct 2024 19:34:18 GMT
 POST /api/exercise/register 400 1.302 ms PostmanRuntime/7.42.0 Mon, 07 Oct 2024 19:35:31 GMT 
 POST /api/exercise/register 400 1.014 ms PostmanRuntime/7.42.0 Mon, 07 Oct 2024 19:36:55 GMT 
 POST /api/exercise/register 400 0.647 ms PostmanRuntime/7.42.0 Mon, 07 Oct 2024 19:37:02 GMT 
 POST /api/exercise/register 400 10.889 ms PostmanRuntime/7.42.0 Mon, 07 Oct 2024 19:37:42 GMT 
 POST /api/exercise/register 400 10.982 ms PostmanRuntime/7.42.0 Mon, 07 Oct 2024 19:39:03 GMT 
 POST /api/exercise/register 400 11.115 ms PostmanRuntime/7.42.0 Mon, 07 Oct 2024 19:39:47 GMT 
 POST /api/exercise/register 400 0.981 ms PostmanRuntime/7.42.0 Mon, 07 Oct 2024 19:39:49 GMT 
 POST /api/exercise/register 500 28.673 ms PostmanRuntime/7.42.0 Mon, 07 Oct 2024 19:41:26 GMT 
 POST /api/exercise/register 500 23.950 ms PostmanRuntime/7.42.0 Mon, 07 Oct 2024 19:43:26 GMT 
 POST /api/exercise/register 500 9.308 ms PostmanRuntime/7.42.0 Mon, 07 Oct 2024 19:47:16 GMT 
 POST /api/exercise/register 500 30.356 ms PostmanRuntime/7.42.0 Mon, 07 Oct 2024 19:50:10 GMT 
